# JRE version: OpenJDK Runtime Environment (8.0_152-b01) (build 1.8.0_152-release-1248-b01)
# Java VM: OpenJDK 64-Bit Server VM (25.152-b01 mixed mode linux-amd64 compressed oops)
Heap:
 PSYoungGen      total 637440K, used 41598K [0x00000000d7000000, 0x0000000100000000, 0x0000000100000000)
  eden space 619520K, 6% used [0x00000000d7000000,0x00000000d989fb68,0x00000000fcd00000)
  from space 17920K, 0% used [0x00000000fcd00000,0x00000000fcd00000,0x00000000fde80000)
  to   space 27136K, 0% used [0x00000000fe580000,0x00000000fe580000,0x0000000100000000)
 ParOldGen       total 227840K, used 223190K [0x0000000085000000, 0x0000000092e80000, 0x00000000d7000000)
  object space 227840K, 97% used [0x0000000085000000,0x00000000929f59e0,0x0000000092e80000)
 Metaspace       used 126436K, capacity 133434K, committed 134360K, reserved 1163264K
  class space    used 19402K, capacity 21307K, committed 21464K, reserved 1048576K
GC Heap History (10 events):
Event: 41.089 GC heap after
Heap after GC invocations=81 (full 36):
 PSYoungGen      total 637440K, used 53753K [0x00000000d7000000, 0x0000000100000000, 0x0000000100000000)
  eden space 619520K, 8% used [0x00000000d7000000,0x00000000da47e578,0x00000000fcd00000)
  from space 17920K, 0% used [0x00000000fcd00000,0x00000000fcd00000,0x00000000fde80000)
  to   space 27136K, 0% used [0x00000000fe580000,0x00000000fe580000,0x0000000100000000)
 ParOldGen       total 227840K, used 223110K [0x0000000085000000, 0x0000000092e80000, 0x00000000d7000000)
  object space 227840K, 97% used [0x0000000085000000,0x00000000929e1910,0x0000000092e80000)
 Metaspace       used 123197K, capacity 130252K, committed 130904K, reserved 1159168K
  class space    used 18737K, capacity 20714K, committed 20824K, reserved 1048576K
}
Event: 41.182 GC heap before
{Heap before GC invocations=82 (full 37):
 PSYoungGen      total 637440K, used 128580K [0x00000000d7000000, 0x0000000100000000, 0x0000000100000000)
  eden space 619520K, 20% used [0x00000000d7000000,0x00000000ded912b8,0x00000000fcd00000)
  from space 17920K, 0% used [0x00000000fcd00000,0x00000000fcd00000,0x00000000fde80000)
  to   space 27136K, 0% used [0x00000000fe580000,0x00000000fe580000,0x0000000100000000)
 ParOldGen       total 227840K, used 223110K [0x0000000085000000, 0x0000000092e80000, 0x00000000d7000000)
  object space 227840K, 97% used [0x0000000085000000,0x00000000929e1910,0x0000000092e80000)
 Metaspace       used 123231K, capacity 130286K, committed 130904K, reserved 1159168K
  class space    used 18739K, capacity 20719K, committed 20824K, reserved 1048576K
Event: 41.390 GC heap after
Heap after GC invocations=82 (full 37):
 PSYoungGen      total 637440K, used 53998K [0x00000000d7000000, 0x0000000100000000, 0x0000000100000000)
  eden space 619520K, 8% used [0x00000000d7000000,0x00000000da4bb978,0x00000000fcd00000)
  from space 17920K, 0% used [0x00000000fcd00000,0x00000000fcd00000,0x00000000fde80000)
  to   space 27136K, 0% used [0x00000000fe580000,0x00000000fe580000,0x0000000100000000)
 ParOldGen       total 227840K, used 222915K [0x0000000085000000, 0x0000000092e80000, 0x00000000d7000000)
  object space 227840K, 97% used [0x0000000085000000,0x00000000929b0c50,0x0000000092e80000)
 Metaspace       used 122961K, capacity 129866K, committed 130904K, reserved 1159168K
  class space    used 18723K, capacity 20651K, committed 20824K, reserved 1048576K
}
Event: 41.510 GC heap before
{Heap before GC invocations=83 (full 38):
 PSYoungGen      total 637440K, used 138656K [0x00000000d7000000, 0x0000000100000000, 0x0000000100000000)
  eden space 619520K, 22% used [0x00000000d7000000,0x00000000df768338,0x00000000fcd00000)
  from space 17920K, 0% used [0x00000000fcd00000,0x00000000fcd00000,0x00000000fde80000)
  to   space 27136K, 0% used [0x00000000fe580000,0x00000000fe580000,0x0000000100000000)
 ParOldGen       total 227840K, used 222915K [0x0000000085000000, 0x0000000092e80000, 0x00000000d7000000)
  object space 227840K, 97% used [0x0000000085000000,0x00000000929b0c50,0x0000000092e80000)
 Metaspace       used 123401K, capacity 130514K, committed 130904K, reserved 1159168K
  class space    used 18747K, capacity 20753K, committed 20824K, reserved 1048576K
Event: 41.713 GC heap after
Heap after GC invocations=83 (full 38):
 PSYoungGen      total 637440K, used 53873K [0x00000000d7000000, 0x0000000100000000, 0x0000000100000000)
  eden space 619520K, 8% used [0x00000000d7000000,0x00000000da49c600,0x00000000fcd00000)
  from space 17920K, 0% used [0x00000000fcd00000,0x00000000fcd00000,0x00000000fde80000)
  to   space 27136K, 0% used [0x00000000fe580000,0x00000000fe580000,0x0000000100000000)
 ParOldGen       total 227840K, used 223173K [0x0000000085000000, 0x0000000092e80000, 0x00000000d7000000)
  object space 227840K, 97% used [0x0000000085000000,0x00000000929f16e8,0x0000000092e80000)
 Metaspace       used 123278K, capacity 130348K, committed 130904K, reserved 1159168K
  class space    used 18740K, capacity 20720K, committed 20824K, reserved 1048576K
}
Event: 41.802 GC heap before
{Heap before GC invocations=84 (full 39):
 PSYoungGen      total 637440K, used 138566K [0x00000000d7000000, 0x0000000100000000, 0x0000000100000000)
  eden space 619520K, 22% used [0x00000000d7000000,0x00000000df751af0,0x00000000fcd00000)
  from space 17920K, 0% used [0x00000000fcd00000,0x00000000fcd00000,0x00000000fde80000)
  to   space 27136K, 0% used [0x00000000fe580000,0x00000000fe580000,0x0000000100000000)
 ParOldGen       total 227840K, used 223173K [0x0000000085000000, 0x0000000092e80000, 0x00000000d7000000)
  object space 227840K, 97% used [0x0000000085000000,0x00000000929f16e8,0x0000000092e80000)
 Metaspace       used 123298K, capacity 130432K, committed 130904K, reserved 1159168K
  class space    used 18740K, capacity 20720K, committed 20824K, reserved 1048576K
Event: 42.004 GC heap after
Heap after GC invocations=84 (full 39):
 PSYoungGen      total 637440K, used 54048K [0x00000000d7000000, 0x0000000100000000, 0x0000000100000000)
  eden space 619520K, 8% used [0x00000000d7000000,0x00000000da4c8148,0x00000000fcd00000)
  from space 17920K, 0% used [0x00000000fcd00000,0x00000000fcd00000,0x00000000fde80000)
  to   space 27136K, 0% used [0x00000000fe580000,0x00000000fe580000,0x0000000100000000)
 ParOldGen       total 227840K, used 222955K [0x0000000085000000, 0x0000000092e80000, 0x00000000d7000000)
  object space 227840K, 97% used [0x0000000085000000,0x00000000929baf90,0x0000000092e80000)
 Metaspace       used 123028K, capacity 130012K, committed 130904K, reserved 1159168K
  class space    used 18724K, capacity 20652K, committed 20824K, reserved 1048576K
}
Event: 42.110 GC heap before
{Heap before GC invocations=85 (full 40):
 PSYoungGen      total 637440K, used 138700K [0x00000000d7000000, 0x0000000100000000, 0x0000000100000000)
  eden space 619520K, 22% used [0x00000000d7000000,0x00000000df7730e0,0x00000000fcd00000)
  from space 17920K, 0% used [0x00000000fcd00000,0x00000000fcd00000,0x00000000fde80000)
  to   space 27136K, 0% used [0x00000000fe580000,0x00000000fe580000,0x0000000100000000)
 ParOldGen       total 227840K, used 222955K [0x0000000085000000, 0x0000000092e80000, 0x00000000d7000000)
  object space 227840K, 97% used [0x0000000085000000,0x00000000929baf90,0x0000000092e80000)
 Metaspace       used 123439K, capacity 130600K, committed 130904K, reserved 1159168K
  class space    used 18748K, capacity 20754K, committed 20824K, reserved 1048576K
Event: 42.317 GC heap after
Heap after GC invocations=85 (full 40):
 PSYoungGen      total 637440K, used 54110K [0x00000000d7000000, 0x0000000100000000, 0x0000000100000000)
  eden space 619520K, 8% used [0x00000000d7000000,0x00000000da4d78d8,0x00000000fcd00000)
  from space 17920K, 0% used [0x00000000fcd00000,0x00000000fcd00000,0x00000000fde80000)
  to   space 27136K, 0% used [0x00000000fe580000,0x00000000fe580000,0x0000000100000000)
 ParOldGen       total 227840K, used 222939K [0x0000000085000000, 0x0000000092e80000, 0x00000000d7000000)
  object space 227840K, 97% used [0x0000000085000000,0x00000000929b6c28,0x0000000092e80000)
 Metaspace       used 123316K, capacity 130434K, committed 130904K, reserved 1159168K
  class space    used 18740K, capacity 20721K, committed 20824K, reserved 1048576K
}
Event: 43.795 GC heap before
{Heap before GC invocations=86 (full 41):
 PSYoungGen      total 637440K, used 619520K [0x00000000d7000000, 0x0000000100000000, 0x0000000100000000)
  eden space 619520K, 100% used [0x00000000d7000000,0x00000000fcd00000,0x00000000fcd00000)
  from space 17920K, 0% used [0x00000000fcd00000,0x00000000fcd00000,0x00000000fde80000)
  to   space 27136K, 0% used [0x00000000fe580000,0x00000000fe580000,0x0000000100000000)
 ParOldGen       total 227840K, used 222939K [0x0000000085000000, 0x0000000092e80000, 0x00000000d7000000)
  object space 227840K, 97% used [0x0000000085000000,0x00000000929b6c28,0x0000000092e80000)
 Metaspace       used 126872K, capacity 134080K, committed 134360K, reserved 1163264K
  class space    used 19430K, capacity 21414K, committed 21464K, reserved 1048576K

